<?xml version="1.0" encoding="UTF-8"?>
<!-- Generated by org.testng.reporters.JUnitReportReporter -->
<testsuite hostname="DESKTOP-HR87NGL" failures="0" tests="1" name="com.MainFramework.Amazon.MainTestCases" time="136.938" errors="0" timestamp="2023-06-06T16:21:35 IST" skipped="0">
  <testcase classname="com.MainFramework.Amazon.MainTestCases" name="getDriver" time="136.938"/>
  <system-out/>
</testsuite> <!-- com.MainFramework.Amazon.MainTestCases -->
