<?xml version="1.0" encoding="UTF-8"?>
<!-- Generated by org.testng.reporters.JUnitReportReporter -->
<testsuite hostname="DESKTOP-HR87NGL" failures="0" tests="1" name="com.Axis.BaseamazonProject.BaseConfig" time="36.278" errors="0" timestamp="2023-06-06T12:56:31 IST" skipped="0">
  <testcase classname="com.Axis.BaseamazonProject.BaseConfig" name="getDriver" time="36.278"/>
  <system-out/>
</testsuite> <!-- com.Axis.BaseamazonProject.BaseConfig -->
