<?xml version="1.0" encoding="UTF-8"?>
<!-- Generated by org.testng.reporters.JUnitReportReporter -->
<testsuite hostname="DESKTOP-HR87NGL" failures="0" tests="2" name="com.seleniumExample.TestNGDemo" time="0.064" errors="0" timestamp="2023-06-06T11:16:39 IST" skipped="0">
  <testcase classname="com.seleniumExample.TestNGDemo" name="display" time="0.016"/>
  <system-out/>
  <testcase classname="com.seleniumExample.TestNGDemo" name="Show" time="0.048"/>
  <system-out/>
</testsuite> <!-- com.seleniumExample.TestNGDemo -->
