<?xml version="1.0" encoding="UTF-8"?>
<!-- Generated by org.testng.reporters.JUnitReportReporter -->
<testsuite hostname="DESKTOP-HR87NGL" failures="0" tests="1" name="com.MainFramework.Demoshop.DemoShopTestCases" time="74.101" errors="0" timestamp="2023-06-07T12:33:36 IST" skipped="0">
  <testcase classname="com.MainFramework.Demoshop.DemoShopTestCases" name="TestCase" time="74.101"/>
  <system-out/>
</testsuite> <!-- com.MainFramework.Demoshop.DemoShopTestCases -->
